#
# There is insufficient memory for the Java Runtime Environment to continue.
# Native memory allocation (malloc) failed to allocate 1924656 bytes for Chunk::new
# Possible reasons:
#   The system is out of physical RAM or swap space
#   The process is running with CompressedOops enabled, and the Java Heap may be blocking the growth of the native heap
# Possible solutions:
#   Reduce memory load on the system
#   Increase physical memory or swap space
#   Check if swap backing store is full
#   Decrease Java heap size (-Xmx/-Xms)
#   Decrease number of Java threads
#   Decrease Java thread stack sizes (-Xss)
#   Set larger code cache with -XX:ReservedCodeCacheSize=
#   JVM is running with Unscaled Compressed Oops mode in which the Java heap is
#     placed in the first 4GB address space. The Java Heap base address is the
#     maximum limit for the native heap growth. Please use -XX:HeapBaseMinAddress
#     to set the Java Heap base and to place the Java Heap above 4GB virtual address.
# This output file may be truncated or incomplete.
#
#  Out of Memory Error (./src/hotspot/share/memory/arena.cpp:197), pid=21680, tid=24164
#
# JRE version: OpenJDK Runtime Environment Corretto-11.0.13.8.1 (11.0.13+8) (build 11.0.13+8-LTS)
# Java VM: OpenJDK 64-Bit Server VM Corretto-11.0.13.8.1 (11.0.13+8-LTS, mixed mode, tiered, compressed oops, g1 gc, windows-amd64)
# No core dump will be written. Minidumps are not enabled by default on client versions of Windows
#

---------------  S U M M A R Y ------------

Command Line: -javaagent:C:\Program Files\JetBrains\IntelliJ IDEA Community Edition 2021.2.3\lib\idea_rt.jar=61325:C:\Program Files\JetBrains\IntelliJ IDEA Community Edition 2021.2.3\bin -Dfile.encoding=UTF-8 com.example.miniproject.MiniProjectApplication

Host: Intel(R) Core(TM) i5-8250U CPU @ 1.60GHz, 8 cores, 7G,  Windows 10 , 64 bit Build 19041 (10.0.19041.1320)
Time: Mon May 30 02:21:42 2022 SE Asia Standard Time elapsed time: 3.006554 seconds (0d 0h 0m 3s)

---------------  T H R E A D  ---------------

Current thread (0x000001fb50082000):  JavaThread "C2 CompilerThread2" daemon [_thread_in_native, id=24164, stack(0x0000001577d00000,0x0000001577e00000)]


Current CompileTask:
C2:   3006 3018       4       java.lang.invoke.MethodType::makeImpl (108 bytes)

Stack: [0x0000001577d00000,0x0000001577e00000]
Native frames: (J=compiled Java code, j=interpreted, Vv=VM code, C=native code)
V  [jvm.dll+0x61ccaa]
V  [jvm.dll+0x7a9839]
V  [jvm.dll+0x7aaeff]
V  [jvm.dll+0x7ab5d3]
V  [jvm.dll+0x24f5d8]
V  [jvm.dll+0xc260c]
V  [jvm.dll+0xc2bcc]
V  [jvm.dll+0x358142]
V  [jvm.dll+0x3255a3]
V  [jvm.dll+0x3248da]
V  [jvm.dll+0x2089b5]
V  [jvm.dll+0x207b9d]
V  [jvm.dll+0x18a021]
V  [jvm.dll+0x217369]
V  [jvm.dll+0x21555b]
V  [jvm.dll+0x76c2f0]
V  [jvm.dll+0x765274]
V  [jvm.dll+0x61bb46]
C  [ucrtbase.dll+0x21bb2]
C  [KERNEL32.DLL+0x17034]
C  [ntdll.dll+0x52651]


---------------  P R O C E S S  ---------------

Threads class SMR info:
_java_thread_list=0x000001fb4dc99260, length=13, elements={
0x000001fb2ca72800, 0x000001fb4ba63800, 0x000001fb4ba6d000, 0x000001fb4ba7b800,
0x000001fb4ba7c800, 0x000001fb4ba7e800, 0x000001fb4c3dc000, 0x000001fb4c3e0000,
0x000001fb4c3e1800, 0x000001fb4c53f000, 0x000001fb4c54c000, 0x000001fb4c748000,
0x000001fb50082000
}

Java Threads: ( => current thread )
  0x000001fb2ca72800 JavaThread "main" [_thread_in_native, id=7756, stack(0x0000001576800000,0x0000001576900000)]
  0x000001fb4ba63800 JavaThread "Reference Handler" daemon [_thread_blocked, id=24452, stack(0x0000001576f00000,0x0000001577000000)]
  0x000001fb4ba6d000 JavaThread "Finalizer" daemon [_thread_blocked, id=17924, stack(0x0000001577000000,0x0000001577100000)]
  0x000001fb4ba7b800 JavaThread "Signal Dispatcher" daemon [_thread_blocked, id=25020, stack(0x0000001577100000,0x0000001577200000)]
  0x000001fb4ba7c800 JavaThread "Attach Listener" daemon [_thread_blocked, id=25824, stack(0x0000001577200000,0x0000001577300000)]
  0x000001fb4ba7e800 JavaThread "Service Thread" daemon [_thread_blocked, id=8144, stack(0x0000001577300000,0x0000001577400000)]
  0x000001fb4c3dc000 JavaThread "C2 CompilerThread0" daemon [_thread_blocked, id=20172, stack(0x0000001577400000,0x0000001577500000)]
  0x000001fb4c3e0000 JavaThread "C1 CompilerThread0" daemon [_thread_blocked, id=23604, stack(0x0000001577500000,0x0000001577600000)]
  0x000001fb4c3e1800 JavaThread "Sweeper thread" daemon [_thread_blocked, id=16968, stack(0x0000001577600000,0x0000001577700000)]
  0x000001fb4c53f000 JavaThread "Common-Cleaner" daemon [_thread_blocked, id=26112, stack(0x0000001577700000,0x0000001577800000)]
  0x000001fb4c54c000 JavaThread "C2 CompilerThread1" daemon [_thread_blocked, id=2608, stack(0x0000001577800000,0x0000001577900000)]
  0x000001fb4c748000 JavaThread "Monitor Ctrl-Break" daemon [_thread_in_native, id=13464, stack(0x0000001577900000,0x0000001577a00000)]
=>0x000001fb50082000 JavaThread "C2 CompilerThread2" daemon [_thread_in_native, id=24164, stack(0x0000001577d00000,0x0000001577e00000)]

Other Threads:
  0x000001fb4ba60800 VMThread "VM Thread" [stack: 0x0000001576e00000,0x0000001576f00000] [id=11652]
  0x000001fb4c786800 WatcherThread [stack: 0x0000001577a00000,0x0000001577b00000] [id=20500]
  0x000001fb2ca8c000 GCTaskThread "GC Thread#0" [stack: 0x0000001576900000,0x0000001576a00000] [id=11844]
  0x000001fb4d121000 GCTaskThread "GC Thread#1" [stack: 0x0000001577b00000,0x0000001577c00000] [id=25544]
  0x000001fb4cda4800 GCTaskThread "GC Thread#2" [stack: 0x0000001577c00000,0x0000001577d00000] [id=23564]
  0x000001fb4d392000 GCTaskThread "GC Thread#3" [stack: 0x0000001577e00000,0x0000001577f00000] [id=14692]
  0x000001fb2cabd800 ConcurrentGCThread "G1 Main Marker" [stack: 0x0000001576a00000,0x0000001576b00000] [id=8972]
  0x000001fb2cabf000 ConcurrentGCThread "G1 Conc#0" [stack: 0x0000001576b00000,0x0000001576c00000] [id=10460]
  0x000001fb4d40f800 ConcurrentGCThread "G1 Conc#1" [stack: 0x0000001577f00000,0x0000001578000000] [id=12004]
  0x000001fb2cb4d800 ConcurrentGCThread "G1 Refine#0" [stack: 0x0000001576c00000,0x0000001576d00000] [id=14760]
  0x000001fb4b8a6800 ConcurrentGCThread "G1 Young RemSet Sampling" [stack: 0x0000001576d00000,0x0000001576e00000] [id=22620]

Threads with active compile tasks:
C2 CompilerThread2   3097 3018       4       java.lang.invoke.MethodType::makeImpl (108 bytes)

VM state:not at safepoint (normal execution)

VM Mutex/Monitor currently owned by a thread: None

Heap address: 0x0000000081e00000, size: 2018 MB, Compressed Oops mode: 32-bit
Narrow klass base: 0x0000000000000000, Narrow klass shift: 3
Compressed class space size: 1073741824 Address: 0x0000000100000000

Heap:
 garbage-first heap   total 131072K, used 46247K [0x0000000081e00000, 0x0000000100000000)
  region size 1024K, 41 young (41984K), 5 survivors (5120K)
 Metaspace       used 32817K, capacity 33860K, committed 34096K, reserved 1079296K
  class space    used 3799K, capacity 4220K, committed 4224K, reserved 1048576K
Heap Regions: E=young(eden), S=young(survivor), O=old, HS=humongous(starts), HC=humongous(continues), CS=collection set, F=free, A=archive, TAMS=top-at-mark-start (previous, next)
|   0|0x0000000081e00000, 0x0000000081f00000, 0x0000000081f00000|100%|HS|  |TAMS 0x0000000081f00000, 0x0000000081e00000| Complete 
|   1|0x0000000081f00000, 0x0000000082000000, 0x0000000082000000|100%| O|  |TAMS 0x0000000082000000, 0x0000000081f00000| Untracked 
|   2|0x0000000082000000, 0x0000000082100000, 0x0000000082100000|100%| O|  |TAMS 0x0000000082100000, 0x0000000082000000| Untracked 
|   3|0x0000000082100000, 0x0000000082200000, 0x0000000082200000|100%| O|  |TAMS 0x0000000082102200, 0x0000000082100000| Untracked 
|   4|0x0000000082200000, 0x0000000082300000, 0x0000000082300000|100%| O|  |TAMS 0x0000000082200000, 0x0000000082200000| Untracked 
|   5|0x0000000082300000, 0x00000000823cb200, 0x0000000082400000| 79%| O|  |TAMS 0x0000000082300000, 0x0000000082300000| Untracked 
|   6|0x0000000082400000, 0x0000000082400000, 0x0000000082500000|  0%| F|  |TAMS 0x0000000082400000, 0x0000000082400000| Untracked 
|   7|0x0000000082500000, 0x0000000082500000, 0x0000000082600000|  0%| F|  |TAMS 0x0000000082500000, 0x0000000082500000| Untracked 
|   8|0x0000000082600000, 0x0000000082600000, 0x0000000082700000|  0%| F|  |TAMS 0x0000000082600000, 0x0000000082600000| Untracked 
|   9|0x0000000082700000, 0x0000000082700000, 0x0000000082800000|  0%| F|  |TAMS 0x0000000082700000, 0x0000000082700000| Untracked 
|  10|0x0000000082800000, 0x0000000082800000, 0x0000000082900000|  0%| F|  |TAMS 0x0000000082800000, 0x0000000082800000| Untracked 
|  11|0x0000000082900000, 0x0000000082900000, 0x0000000082a00000|  0%| F|  |TAMS 0x0000000082900000, 0x0000000082900000| Untracked 
|  12|0x0000000082a00000, 0x0000000082a00000, 0x0000000082b00000|  0%| F|  |TAMS 0x0000000082a00000, 0x0000000082a00000| Untracked 
|  13|0x0000000082b00000, 0x0000000082b00000, 0x0000000082c00000|  0%| F|  |TAMS 0x0000000082b00000, 0x0000000082b00000| Untracked 
|  14|0x0000000082c00000, 0x0000000082c00000, 0x0000000082d00000|  0%| F|  |TAMS 0x0000000082c00000, 0x0000000082c00000| Untracked 
|  15|0x0000000082d00000, 0x0000000082d00000, 0x0000000082e00000|  0%| F|  |TAMS 0x0000000082d00000, 0x0000000082d00000| Untracked 
|  16|0x0000000082e00000, 0x0000000082e00000, 0x0000000082f00000|  0%| F|  |TAMS 0x0000000082e00000, 0x0000000082e00000| Untracked 
|  17|0x0000000082f00000, 0x0000000082f00000, 0x0000000083000000|  0%| F|  |TAMS 0x0000000082f00000, 0x0000000082f00000| Untracked 
|  18|0x0000000083000000, 0x0000000083000000, 0x0000000083100000|  0%| F|  |TAMS 0x0000000083000000, 0x0000000083000000| Untracked 
|  19|0x0000000083100000, 0x0000000083100000, 0x0000000083200000|  0%| F|  |TAMS 0x0000000083100000, 0x0000000083100000| Untracked 
|  20|0x0000000083200000, 0x0000000083200000, 0x0000000083300000|  0%| F|  |TAMS 0x0000000083200000, 0x0000000083200000| Untracked 
|  21|0x0000000083300000, 0x0000000083300000, 0x0000000083400000|  0%| F|  |TAMS 0x0000000083300000, 0x0000000083300000| Untracked 
|  22|0x0000000083400000, 0x0000000083400000, 0x0000000083500000|  0%| F|  |TAMS 0x0000000083400000, 0x0000000083400000| Untracked 
|  23|0x0000000083500000, 0x0000000083500000, 0x0000000083600000|  0%| F|  |TAMS 0x0000000083500000, 0x0000000083500000| Untracked 
|  24|0x0000000083600000, 0x0000000083600000, 0x0000000083700000|  0%| F|  |TAMS 0x0000000083600000, 0x0000000083600000| Untracked 
|  25|0x0000000083700000, 0x0000000083700000, 0x0000000083800000|  0%| F|  |TAMS 0x0000000083700000, 0x0000000083700000| Untracked 
|  26|0x0000000083800000, 0x0000000083800000, 0x0000000083900000|  0%| F|  |TAMS 0x0000000083800000, 0x0000000083800000| Untracked 
|  27|0x0000000083900000, 0x0000000083900000, 0x0000000083a00000|  0%| F|  |TAMS 0x0000000083900000, 0x0000000083900000| Untracked 
|  28|0x0000000083a00000, 0x0000000083a00000, 0x0000000083b00000|  0%| F|  |TAMS 0x0000000083a00000, 0x0000000083a00000| Untracked 
|  29|0x0000000083b00000, 0x0000000083b00000, 0x0000000083c00000|  0%| F|  |TAMS 0x0000000083b00000, 0x0000000083b00000| Untracked 
|  30|0x0000000083c00000, 0x0000000083c00000, 0x0000000083d00000|  0%| F|  |TAMS 0x0000000083c00000, 0x0000000083c00000| Untracked 
|  31|0x0000000083d00000, 0x0000000083d00000, 0x0000000083e00000|  0%| F|  |TAMS 0x0000000083d00000, 0x0000000083d00000| Untracked 
|  32|0x0000000083e00000, 0x0000000083e00000, 0x0000000083f00000|  0%| F|  |TAMS 0x0000000083e00000, 0x0000000083e00000| Untracked 
|  33|0x0000000083f00000, 0x0000000083f00000, 0x0000000084000000|  0%| F|  |TAMS 0x0000000083f00000, 0x0000000083f00000| Untracked 
|  34|0x0000000084000000, 0x0000000084000000, 0x0000000084100000|  0%| F|  |TAMS 0x0000000084000000, 0x0000000084000000| Untracked 
|  35|0x0000000084100000, 0x0000000084100000, 0x0000000084200000|  0%| F|  |TAMS 0x0000000084100000, 0x0000000084100000| Untracked 
|  36|0x0000000084200000, 0x0000000084200000, 0x0000000084300000|  0%| F|  |TAMS 0x0000000084200000, 0x0000000084200000| Untracked 
|  37|0x0000000084300000, 0x0000000084300000, 0x0000000084400000|  0%| F|  |TAMS 0x0000000084300000, 0x0000000084300000| Untracked 
|  38|0x0000000084400000, 0x0000000084400000, 0x0000000084500000|  0%| F|  |TAMS 0x0000000084400000, 0x0000000084400000| Untracked 
|  39|0x0000000084500000, 0x0000000084500000, 0x0000000084600000|  0%| F|  |TAMS 0x0000000084500000, 0x0000000084500000| Untracked 
|  40|0x0000000084600000, 0x0000000084600000, 0x0000000084700000|  0%| F|  |TAMS 0x0000000084600000, 0x0000000084600000| Untracked 
|  41|0x0000000084700000, 0x0000000084700000, 0x0000000084800000|  0%| F|  |TAMS 0x0000000084700000, 0x0000000084700000| Untracked 
|  42|0x0000000084800000, 0x0000000084800000, 0x0000000084900000|  0%| F|  |TAMS 0x0000000084800000, 0x0000000084800000| Untracked 
|  43|0x0000000084900000, 0x0000000084900000, 0x0000000084a00000|  0%| F|  |TAMS 0x0000000084900000, 0x0000000084900000| Untracked 
|  44|0x0000000084a00000, 0x0000000084a00000, 0x0000000084b00000|  0%| F|  |TAMS 0x0000000084a00000, 0x0000000084a00000| Untracked 
|  45|0x0000000084b00000, 0x0000000084b00000, 0x0000000084c00000|  0%| F|  |TAMS 0x0000000084b00000, 0x0000000084b00000| Untracked 
|  46|0x0000000084c00000, 0x0000000084c00000, 0x0000000084d00000|  0%| F|  |TAMS 0x0000000084c00000, 0x0000000084c00000| Untracked 
|  47|0x0000000084d00000, 0x0000000084d00000, 0x0000000084e00000|  0%| F|  |TAMS 0x0000000084d00000, 0x0000000084d00000| Untracked 
|  48|0x0000000084e00000, 0x0000000084e00000, 0x0000000084f00000|  0%| F|  |TAMS 0x0000000084e00000, 0x0000000084e00000| Untracked 
|  49|0x0000000084f00000, 0x0000000084f00000, 0x0000000085000000|  0%| F|  |TAMS 0x0000000084f00000, 0x0000000084f00000| Untracked 
|  50|0x0000000085000000, 0x0000000085000000, 0x0000000085100000|  0%| F|  |TAMS 0x0000000085000000, 0x0000000085000000| Untracked 
|  51|0x0000000085100000, 0x0000000085100000, 0x0000000085200000|  0%| F|  |TAMS 0x0000000085100000, 0x0000000085100000| Untracked 
|  52|0x0000000085200000, 0x0000000085200000, 0x0000000085300000|  0%| F|  |TAMS 0x0000000085200000, 0x0000000085200000| Untracked 
|  53|0x0000000085300000, 0x0000000085300000, 0x0000000085400000|  0%| F|  |TAMS 0x0000000085300000, 0x0000000085300000| Untracked 
|  54|0x0000000085400000, 0x0000000085400000, 0x0000000085500000|  0%| F|  |TAMS 0x0000000085400000, 0x0000000085400000| Untracked 
|  55|0x0000000085500000, 0x0000000085500000, 0x0000000085600000|  0%| F|  |TAMS 0x0000000085500000, 0x0000000085500000| Untracked 
|  56|0x0000000085600000, 0x0000000085600000, 0x0000000085700000|  0%| F|  |TAMS 0x0000000085600000, 0x0000000085600000| Untracked 
|  57|0x0000000085700000, 0x0000000085700000, 0x0000000085800000|  0%| F|  |TAMS 0x0000000085700000, 0x0000000085700000| Untracked 
|  58|0x0000000085800000, 0x0000000085800000, 0x0000000085900000|  0%| F|  |TAMS 0x0000000085800000, 0x0000000085800000| Untracked 
|  59|0x0000000085900000, 0x0000000085900000, 0x0000000085a00000|  0%| F|  |TAMS 0x0000000085900000, 0x0000000085900000| Untracked 
|  60|0x0000000085a00000, 0x0000000085a00000, 0x0000000085b00000|  0%| F|  |TAMS 0x0000000085a00000, 0x0000000085a00000| Untracked 
|  61|0x0000000085b00000, 0x0000000085b00000, 0x0000000085c00000|  0%| F|  |TAMS 0x0000000085b00000, 0x0000000085b00000| Untracked 
|  62|0x0000000085c00000, 0x0000000085c00000, 0x0000000085d00000|  0%| F|  |TAMS 0x0000000085c00000, 0x0000000085c00000| Untracked 
|  63|0x0000000085d00000, 0x0000000085d00000, 0x0000000085e00000|  0%| F|  |TAMS 0x0000000085d00000, 0x0000000085d00000| Untracked 
|  64|0x0000000085e00000, 0x0000000085e5ec40, 0x0000000085f00000| 37%| S|CS|TAMS 0x0000000085e00000, 0x0000000085e00000| Complete 
|  65|0x0000000085f00000, 0x0000000086000000, 0x0000000086000000|100%| S|CS|TAMS 0x0000000085f00000, 0x0000000085f00000| Complete 
|  66|0x0000000086000000, 0x0000000086100000, 0x0000000086100000|100%| S|CS|TAMS 0x0000000086000000, 0x0000000086000000| Complete 
|  67|0x0000000086100000, 0x0000000086200000, 0x0000000086200000|100%| S|CS|TAMS 0x0000000086100000, 0x0000000086100000| Complete 
|  68|0x0000000086200000, 0x0000000086300000, 0x0000000086300000|100%| S|CS|TAMS 0x0000000086200000, 0x0000000086200000| Complete 
|  69|0x0000000086300000, 0x0000000086300000, 0x0000000086400000|  0%| F|  |TAMS 0x0000000086300000, 0x0000000086300000| Untracked 
|  70|0x0000000086400000, 0x0000000086400000, 0x0000000086500000|  0%| F|  |TAMS 0x0000000086400000, 0x0000000086400000| Untracked 
|  71|0x0000000086500000, 0x0000000086500000, 0x0000000086600000|  0%| F|  |TAMS 0x0000000086500000, 0x0000000086500000| Untracked 
|  72|0x0000000086600000, 0x0000000086600000, 0x0000000086700000|  0%| F|  |TAMS 0x0000000086600000, 0x0000000086600000| Untracked 
|  73|0x0000000086700000, 0x0000000086700000, 0x0000000086800000|  0%| F|  |TAMS 0x0000000086700000, 0x0000000086700000| Untracked 
|  74|0x0000000086800000, 0x0000000086800000, 0x0000000086900000|  0%| F|  |TAMS 0x0000000086800000, 0x0000000086800000| Untracked 
|  75|0x0000000086900000, 0x0000000086900000, 0x0000000086a00000|  0%| F|  |TAMS 0x0000000086900000, 0x0000000086900000| Untracked 
|  76|0x0000000086a00000, 0x0000000086a00000, 0x0000000086b00000|  0%| F|  |TAMS 0x0000000086a00000, 0x0000000086a00000| Untracked 
|  77|0x0000000086b00000, 0x0000000086b00000, 0x0000000086c00000|  0%| F|  |TAMS 0x0000000086b00000, 0x0000000086b00000| Untracked 
|  78|0x0000000086c00000, 0x0000000086c00000, 0x0000000086d00000|  0%| F|  |TAMS 0x0000000086c00000, 0x0000000086c00000| Untracked 
|  79|0x0000000086d00000, 0x0000000086d00000, 0x0000000086e00000|  0%| F|  |TAMS 0x0000000086d00000, 0x0000000086d00000| Untracked 
|  80|0x0000000086e00000, 0x0000000086e00000, 0x0000000086f00000|  0%| F|  |TAMS 0x0000000086e00000, 0x0000000086e00000| Untracked 
|  81|0x0000000086f00000, 0x0000000086f00000, 0x0000000087000000|  0%| F|  |TAMS 0x0000000086f00000, 0x0000000086f00000| Untracked 
|  82|0x0000000087000000, 0x0000000087000000, 0x0000000087100000|  0%| F|  |TAMS 0x0000000087000000, 0x0000000087000000| Untracked 
|  83|0x0000000087100000, 0x0000000087100000, 0x0000000087200000|  0%| F|  |TAMS 0x0000000087100000, 0x0000000087100000| Untracked 
|  84|0x0000000087200000, 0x0000000087200000, 0x0000000087300000|  0%| F|  |TAMS 0x0000000087200000, 0x0000000087200000| Untracked 
|  85|0x0000000087300000, 0x0000000087300000, 0x0000000087400000|  0%| F|  |TAMS 0x0000000087300000, 0x0000000087300000| Untracked 
|  86|0x0000000087400000, 0x0000000087400000, 0x0000000087500000|  0%| F|  |TAMS 0x0000000087400000, 0x0000000087400000| Untracked 
|  87|0x0000000087500000, 0x0000000087500000, 0x0000000087600000|  0%| F|  |TAMS 0x0000000087500000, 0x0000000087500000| Untracked 
|  88|0x0000000087600000, 0x0000000087600000, 0x0000000087700000|  0%| F|  |TAMS 0x0000000087600000, 0x0000000087600000| Untracked 
|  89|0x0000000087700000, 0x0000000087700000, 0x0000000087800000|  0%| F|  |TAMS 0x0000000087700000, 0x0000000087700000| Untracked 
|  90|0x0000000087800000, 0x0000000087800000, 0x0000000087900000|  0%| F|  |TAMS 0x0000000087800000, 0x0000000087800000| Untracked 
|  91|0x0000000087900000, 0x0000000087900000, 0x0000000087a00000|  0%| F|  |TAMS 0x0000000087900000, 0x0000000087900000| Untracked 
|  92|0x0000000087a00000, 0x0000000087a82290, 0x0000000087b00000| 50%| E|  |TAMS 0x0000000087a00000, 0x0000000087a00000| Complete 
|  93|0x0000000087b00000, 0x0000000087c00000, 0x0000000087c00000|100%| E|CS|TAMS 0x0000000087b00000, 0x0000000087b00000| Complete 
|  94|0x0000000087c00000, 0x0000000087d00000, 0x0000000087d00000|100%| E|CS|TAMS 0x0000000087c00000, 0x0000000087c00000| Complete 
|  95|0x0000000087d00000, 0x0000000087e00000, 0x0000000087e00000|100%| E|CS|TAMS 0x0000000087d00000, 0x0000000087d00000| Complete 
|  96|0x0000000087e00000, 0x0000000087f00000, 0x0000000087f00000|100%| E|CS|TAMS 0x0000000087e00000, 0x0000000087e00000| Complete 
|  97|0x0000000087f00000, 0x0000000088000000, 0x0000000088000000|100%| E|CS|TAMS 0x0000000087f00000, 0x0000000087f00000| Complete 
|  98|0x0000000088000000, 0x0000000088100000, 0x0000000088100000|100%| E|CS|TAMS 0x0000000088000000, 0x0000000088000000| Complete 
|  99|0x0000000088100000, 0x0000000088200000, 0x0000000088200000|100%| E|CS|TAMS 0x0000000088100000, 0x0000000088100000| Complete 
| 100|0x0000000088200000, 0x0000000088300000, 0x0000000088300000|100%| E|CS|TAMS 0x0000000088200000, 0x0000000088200000| Complete 
| 101|0x0000000088300000, 0x0000000088400000, 0x0000000088400000|100%| E|CS|TAMS 0x0000000088300000, 0x0000000088300000| Complete 
| 102|0x0000000088400000, 0x0000000088500000, 0x0000000088500000|100%| E|CS|TAMS 0x0000000088400000, 0x0000000088400000| Complete 
| 103|0x0000000088500000, 0x0000000088600000, 0x0000000088600000|100%| E|CS|TAMS 0x0000000088500000, 0x0000000088500000| Complete 
| 104|0x0000000088600000, 0x0000000088700000, 0x0000000088700000|100%| E|CS|TAMS 0x0000000088600000, 0x0000000088600000| Complete 
| 105|0x0000000088700000, 0x0000000088800000, 0x0000000088800000|100%| E|CS|TAMS 0x0000000088700000, 0x0000000088700000| Complete 
| 106|0x0000000088800000, 0x0000000088900000, 0x0000000088900000|100%| E|CS|TAMS 0x0000000088800000, 0x0000000088800000| Complete 
| 107|0x0000000088900000, 0x0000000088a00000, 0x0000000088a00000|100%| E|CS|TAMS 0x0000000088900000, 0x0000000088900000| Complete 
| 108|0x0000000088a00000, 0x0000000088b00000, 0x0000000088b00000|100%| E|CS|TAMS 0x0000000088a00000, 0x0000000088a00000| Complete 
| 109|0x0000000088b00000, 0x0000000088c00000, 0x0000000088c00000|100%| E|CS|TAMS 0x0000000088b00000, 0x0000000088b00000| Complete 
| 110|0x0000000088c00000, 0x0000000088d00000, 0x0000000088d00000|100%| E|CS|TAMS 0x0000000088c00000, 0x0000000088c00000| Complete 
| 111|0x0000000088d00000, 0x0000000088e00000, 0x0000000088e00000|100%| E|CS|TAMS 0x0000000088d00000, 0x0000000088d00000| Complete 
| 112|0x0000000088e00000, 0x0000000088f00000, 0x0000000088f00000|100%| E|CS|TAMS 0x0000000088e00000, 0x0000000088e00000| Complete 
| 113|0x0000000088f00000, 0x0000000089000000, 0x0000000089000000|100%| E|CS|TAMS 0x0000000088f00000, 0x0000000088f00000| Complete 
| 114|0x0000000089000000, 0x0000000089100000, 0x0000000089100000|100%| E|CS|TAMS 0x0000000089000000, 0x0000000089000000| Complete 
| 115|0x0000000089100000, 0x0000000089200000, 0x0000000089200000|100%| E|CS|TAMS 0x0000000089100000, 0x0000000089100000| Complete 
| 116|0x0000000089200000, 0x0000000089300000, 0x0000000089300000|100%| E|CS|TAMS 0x0000000089200000, 0x0000000089200000| Complete 
| 117|0x0000000089300000, 0x0000000089400000, 0x0000000089400000|100%| E|CS|TAMS 0x0000000089300000, 0x0000000089300000| Complete 
| 118|0x0000000089400000, 0x0000000089500000, 0x0000000089500000|100%| E|CS|TAMS 0x0000000089400000, 0x0000000089400000| Complete 
| 119|0x0000000089500000, 0x0000000089600000, 0x0000000089600000|100%| E|CS|TAMS 0x0000000089500000, 0x0000000089500000| Complete 
| 120|0x0000000089600000, 0x0000000089700000, 0x0000000089700000|100%| E|CS|TAMS 0x0000000089600000, 0x0000000089600000| Complete 
| 121|0x0000000089700000, 0x0000000089800000, 0x0000000089800000|100%| E|CS|TAMS 0x0000000089700000, 0x0000000089700000| Complete 
| 122|0x0000000089800000, 0x0000000089900000, 0x0000000089900000|100%| E|CS|TAMS 0x0000000089800000, 0x0000000089800000| Complete 
| 123|0x0000000089900000, 0x0000000089a00000, 0x0000000089a00000|100%| E|CS|TAMS 0x0000000089900000, 0x0000000089900000| Complete 
| 124|0x0000000089a00000, 0x0000000089b00000, 0x0000000089b00000|100%| E|CS|TAMS 0x0000000089a00000, 0x0000000089a00000| Complete 
| 125|0x0000000089b00000, 0x0000000089c00000, 0x0000000089c00000|100%| E|CS|TAMS 0x0000000089b00000, 0x0000000089b00000| Complete 
| 126|0x0000000089c00000, 0x0000000089d00000, 0x0000000089d00000|100%| E|CS|TAMS 0x0000000089c00000, 0x0000000089c00000| Complete 
| 127|0x0000000089d00000, 0x0000000089e00000, 0x0000000089e00000|100%| E|CS|TAMS 0x0000000089d00000, 0x0000000089d00000| Complete 

Card table byte_map: [0x000001fb448e0000,0x000001fb44ce0000] _byte_map_base: 0x000001fb444d1000

Marking Bits (Prev, Next): (CMBitMap*) 0x000001fb2cab4ee0, (CMBitMap*) 0x000001fb2cab4ea8
 Prev Bits: [0x000001fb47070000, 0x000001fb48ff8000)
 Next Bits: [0x000001fb450e0000, 0x000001fb47068000)

Polling page: 0x000001fb2aa80000

Metaspace:

Usage:
  Non-class:     28.95 MB capacity,    28.34 MB ( 98%) used,   505.16 KB (  2%) free+waste,   117.56 KB ( <1%) overhead. 
      Class:      4.12 MB capacity,     3.71 MB ( 90%) used,   363.16 KB (  9%) free+waste,    57.00 KB (  1%) overhead. 
       Both:     33.07 MB capacity,    32.05 MB ( 97%) used,   868.33 KB (  3%) free+waste,   174.56 KB ( <1%) overhead. 

Virtual space:
  Non-class space:       30.00 MB reserved,      29.17 MB ( 97%) committed 
      Class space:        1.00 GB reserved,       4.13 MB ( <1%) committed 
             Both:        1.03 GB reserved,      33.30 MB (  3%) committed 

Chunk freelists:
   Non-Class:  40.00 KB
       Class:  4.00 KB
        Both:  44.00 KB

MaxMetaspaceSize: 17179869184.00 GB
CompressedClassSpaceSize: 1.00 GB
Initial GC threshold: 20.80 MB
Current GC threshold: 35.08 MB
CDS: off

CodeHeap 'non-profiled nmethods': size=120000Kb used=1509Kb max_used=1509Kb free=118490Kb
 bounds [0x000001fb3cc70000, 0x000001fb3cee0000, 0x000001fb441a0000]
CodeHeap 'profiled nmethods': size=120000Kb used=7037Kb max_used=7037Kb free=112962Kb
 bounds [0x000001fb35740000, 0x000001fb35e20000, 0x000001fb3cc70000]
CodeHeap 'non-nmethods': size=5760Kb used=1184Kb max_used=1244Kb free=4575Kb
 bounds [0x000001fb351a0000, 0x000001fb35410000, 0x000001fb35740000]
 total_blobs=3606 nmethods=3158 adapters=360
 compilation: enabled
              stopped_count=0, restarted_count=0
 full_count=0

Compilation events (20 events):
Event: 2.936 Thread 0x000001fb4c3e0000 3154       3       java.lang.ClassLoader::getResource (41 bytes)
Event: 2.937 Thread 0x000001fb4c3e0000 nmethod 3154 0x000001fb35e10490 code [0x000001fb35e106a0, 0x000001fb35e10c78]
Event: 2.937 Thread 0x000001fb4c3e0000 3155 %     3       sun.nio.cs.UTF_8$Decoder::decodeArrayLoop @ 73 (691 bytes)
Event: 2.942 Thread 0x000001fb4c3e0000 nmethod 3155% 0x000001fb35e10e10 code [0x000001fb35e117a0, 0x000001fb35e176a8]
Event: 2.942 Thread 0x000001fb4c3e0000 3158       3       java.util.LinkedHashMap::get (33 bytes)
Event: 2.942 Thread 0x000001fb4c3e0000 nmethod 3158 0x000001fb35e19410 code [0x000001fb35e19600, 0x000001fb35e19a28]
Event: 2.942 Thread 0x000001fb4c3e0000 3157       3       java.lang.Throwable::<init> (39 bytes)
Event: 2.943 Thread 0x000001fb4c3e0000 nmethod 3157 0x000001fb35e19b90 code [0x000001fb35e19d60, 0x000001fb35e1a188]
Event: 2.943 Thread 0x000001fb4c3e0000 3156       3       java.nio.CharBuffer::arrayOffset (35 bytes)
Event: 2.943 Thread 0x000001fb4c3e0000 nmethod 3156 0x000001fb35e1a290 code [0x000001fb35e1a460, 0x000001fb35e1a718]
Event: 2.949 Thread 0x000001fb4c3e0000 3160       3       java.lang.invoke.InvokerBytecodeGenerator::generateCustomizedCode (33 bytes)
Event: 2.950 Thread 0x000001fb4c3e0000 nmethod 3160 0x000001fb35e1a890 code [0x000001fb35e1ab60, 0x000001fb35e1b478]
Event: 2.950 Thread 0x000001fb4c3e0000 3161       3       java.lang.invoke.InvokerBytecodeGenerator::lookupPregenerated (292 bytes)
Event: 2.952 Thread 0x000001fb4c3e0000 nmethod 3161 0x000001fb35e1b910 code [0x000001fb35e1bce0, 0x000001fb35e1d6c8]
Event: 2.952 Thread 0x000001fb4c3e0000 3162       3       jdk.internal.org.objectweb.asm.MethodWriter::startFrame (55 bytes)
Event: 2.952 Thread 0x000001fb4c3e0000 nmethod 3162 0x000001fb35e1de90 code [0x000001fb35e1e060, 0x000001fb35e1e358]
Event: 2.955 Thread 0x000001fb4c3e0000 3163       3       java.lang.Integer::reverseBytes (26 bytes)
Event: 2.955 Thread 0x000001fb4c3e0000 nmethod 3163 0x000001fb35e1e490 code [0x000001fb35e1e640, 0x000001fb35e1e758]
Event: 2.956 Thread 0x000001fb4c3e0000 3165       3       sun.security.provider.SHA::implCompress0 (482 bytes)
Event: 2.956 Thread 0x000001fb4c3e0000 nmethod 3165 0x000001fb35e1e810 code [0x000001fb35e1ea40, 0x000001fb35e1f2f8]

GC Heap History (8 events):
Event: 0.737 GC heap before
{Heap before GC invocations=0 (full 0):
 garbage-first heap   total 131072K, used 25600K [0x0000000081e00000, 0x0000000100000000)
  region size 1024K, 24 young (24576K), 0 survivors (0K)
 Metaspace       used 12055K, capacity 12327K, committed 12672K, reserved 1060864K
  class space    used 1172K, capacity 1283K, committed 1408K, reserved 1048576K
}
Event: 0.743 GC heap after
{Heap after GC invocations=1 (full 0):
 garbage-first heap   total 131072K, used 6152K [0x0000000081e00000, 0x0000000100000000)
  region size 1024K, 3 young (3072K), 3 survivors (3072K)
 Metaspace       used 12055K, capacity 12327K, committed 12672K, reserved 1060864K
  class space    used 1172K, capacity 1283K, committed 1408K, reserved 1048576K
}
Event: 1.373 GC heap before
{Heap before GC invocations=1 (full 0):
 garbage-first heap   total 131072K, used 45064K [0x0000000081e00000, 0x0000000100000000)
  region size 1024K, 43 young (44032K), 3 survivors (3072K)
 Metaspace       used 20702K, capacity 21149K, committed 21296K, reserved 1069056K
  class space    used 2191K, capacity 2383K, committed 2432K, reserved 1048576K
}
Event: 1.380 GC heap after
{Heap after GC invocations=2 (full 0):
 garbage-first heap   total 131072K, used 8079K [0x0000000081e00000, 0x0000000100000000)
  region size 1024K, 5 young (5120K), 5 survivors (5120K)
 Metaspace       used 20702K, capacity 21149K, committed 21296K, reserved 1069056K
  class space    used 2191K, capacity 2383K, committed 2432K, reserved 1048576K
}
Event: 1.688 GC heap before
{Heap before GC invocations=3 (full 0):
 garbage-first heap   total 131072K, used 49039K [0x0000000081e00000, 0x0000000100000000)
  region size 1024K, 46 young (47104K), 5 survivors (5120K)
 Metaspace       used 24332K, capacity 24912K, committed 25136K, reserved 1071104K
  class space    used 2689K, capacity 2936K, committed 2944K, reserved 1048576K
}
Event: 1.695 GC heap after
{Heap after GC invocations=4 (full 0):
 garbage-first heap   total 131072K, used 9137K [0x0000000081e00000, 0x0000000100000000)
  region size 1024K, 4 young (4096K), 4 survivors (4096K)
 Metaspace       used 24332K, capacity 24912K, committed 25136K, reserved 1071104K
  class space    used 2689K, capacity 2936K, committed 2944K, reserved 1048576K
}
Event: 2.285 GC heap before
{Heap before GC invocations=4 (full 0):
 garbage-first heap   total 131072K, used 64433K [0x0000000081e00000, 0x0000000100000000)
  region size 1024K, 59 young (60416K), 4 survivors (4096K)
 Metaspace       used 27466K, capacity 28217K, committed 28464K, reserved 1075200K
  class space    used 3048K, capacity 3345K, committed 3456K, reserved 1048576K
}
Event: 2.291 GC heap after
{Heap after GC invocations=5 (full 0):
 garbage-first heap   total 131072K, used 10407K [0x0000000081e00000, 0x0000000100000000)
  region size 1024K, 5 young (5120K), 5 survivors (5120K)
 Metaspace       used 27466K, capacity 28217K, committed 28464K, reserved 1075200K
  class space    used 3048K, capacity 3345K, committed 3456K, reserved 1048576K
}

Deoptimization events (20 events):
Event: 2.838 Thread 0x000001fb2ca72800 Uncommon trap: trap_request=0xffffffde fr.pc=0x000001fb3cd39ce8 relative=0x0000000000001108
Event: 2.838 Thread 0x000001fb2ca72800 Uncommon trap: reason=class_check action=maybe_recompile pc=0x000001fb3cd39ce8 method=java.util.concurrent.ConcurrentHashMap.putVal(Ljava/lang/Object;Ljava/lang/Object;Z)Ljava/lang/Object; @ 242 c2
Event: 2.838 Thread 0x000001fb2ca72800 DEOPT PACKING pc=0x000001fb3cd39ce8 sp=0x00000015768fd4d0
Event: 2.838 Thread 0x000001fb2ca72800 DEOPT UNPACKING pc=0x000001fb351ea1af sp=0x00000015768fd440 mode 2
Event: 2.888 Thread 0x000001fb2ca72800 Uncommon trap: trap_request=0xffffff4d fr.pc=0x000001fb3cdb1424 relative=0x0000000000000064
Event: 2.888 Thread 0x000001fb2ca72800 Uncommon trap: reason=unstable_if action=reinterpret pc=0x000001fb3cdb1424 method=sun.net.www.ParseUtil.firstEncodeIndex(Ljava/lang/String;)I @ 51 c2
Event: 2.888 Thread 0x000001fb2ca72800 DEOPT PACKING pc=0x000001fb3cdb1424 sp=0x00000015768fa020
Event: 2.888 Thread 0x000001fb2ca72800 DEOPT UNPACKING pc=0x000001fb351ea1af sp=0x00000015768f9f38 mode 2
Event: 2.888 Thread 0x000001fb2ca72800 Uncommon trap: trap_request=0xffffff4d fr.pc=0x000001fb3ccc4a24 relative=0x0000000000000064
Event: 2.888 Thread 0x000001fb2ca72800 Uncommon trap: reason=unstable_if action=reinterpret pc=0x000001fb3ccc4a24 method=sun.net.www.ParseUtil.firstEncodeIndex(Ljava/lang/String;)I @ 51 c2
Event: 2.888 Thread 0x000001fb2ca72800 DEOPT PACKING pc=0x000001fb3ccc4a24 sp=0x00000015768f85b0
Event: 2.888 Thread 0x000001fb2ca72800 DEOPT UNPACKING pc=0x000001fb351ea1af sp=0x00000015768f8540 mode 2
Event: 2.926 Thread 0x000001fb2ca72800 Uncommon trap: trap_request=0xffffff4d fr.pc=0x000001fb3cd1521c relative=0x000000000000025c
Event: 2.926 Thread 0x000001fb2ca72800 Uncommon trap: reason=unstable_if action=reinterpret pc=0x000001fb3cd1521c method=java.util.LinkedHashMap.get(Ljava/lang/Object;)Ljava/lang/Object; @ 20 c2
Event: 2.926 Thread 0x000001fb2ca72800 DEOPT PACKING pc=0x000001fb3cd1521c sp=0x00000015768fe060
Event: 2.926 Thread 0x000001fb2ca72800 DEOPT UNPACKING pc=0x000001fb351ea1af sp=0x00000015768fe018 mode 2
Event: 2.933 Thread 0x000001fb2ca72800 Uncommon trap: trap_request=0xffffff4d fr.pc=0x000001fb3cd33a1c relative=0x000000000000055c
Event: 2.933 Thread 0x000001fb2ca72800 Uncommon trap: reason=unstable_if action=reinterpret pc=0x000001fb3cd33a1c method=java.util.Properties.loadConvert([CIILjava/lang/StringBuilder;)Ljava/lang/String; @ 26 c2
Event: 2.933 Thread 0x000001fb2ca72800 DEOPT PACKING pc=0x000001fb3cd33a1c sp=0x00000015768fdc40
Event: 2.933 Thread 0x000001fb2ca72800 DEOPT UNPACKING pc=0x000001fb351ea1af sp=0x00000015768fdbd8 mode 2

Classes redefined (0 events):
No events

Internal exceptions (20 events):
Event: 2.653 Thread 0x000001fb2ca72800 Exception <a 'java/lang/ClassNotFoundException'{0x000000008891b538}: org/springframework/beans/factory/config/InstantiationAwareBeanPostProcessorCustomizer> (0x000000008891b538) thrown at [./src/hotspot/share/classfile/systemDictionary.cpp, line 231]
Event: 2.653 Thread 0x000001fb2ca72800 Exception <a 'java/lang/ClassNotFoundException'{0x000000008892db00}: org/springframework/beans/factory/config/BeanPostProcessorCustomizer> (0x000000008892db00) thrown at [./src/hotspot/share/classfile/systemDictionary.cpp, line 231]
Event: 2.654 Thread 0x000001fb2ca72800 Exception <a 'java/lang/ClassNotFoundException'{0x000000008893ce98}: org/springframework/beans/factory/BeanFactoryAwareCustomizer> (0x000000008893ce98) thrown at [./src/hotspot/share/classfile/systemDictionary.cpp, line 231]
Event: 2.654 Thread 0x000001fb2ca72800 Exception <a 'java/lang/ClassNotFoundException'{0x000000008894ac90}: org/springframework/beans/factory/AwareCustomizer> (0x000000008894ac90) thrown at [./src/hotspot/share/classfile/systemDictionary.cpp, line 231]
Event: 2.654 Thread 0x000001fb2ca72800 Exception <a 'java/lang/ClassNotFoundException'{0x0000000088956818}: org/springframework/core/OrderedCustomizer> (0x0000000088956818) thrown at [./src/hotspot/share/classfile/systemDictionary.cpp, line 231]
Event: 2.655 Thread 0x000001fb2ca72800 Exception <a 'java/lang/ClassNotFoundException'{0x0000000088965640}: org/springframework/beans/factory/BeanClassLoaderAwareCustomizer> (0x0000000088965640) thrown at [./src/hotspot/share/classfile/systemDictionary.cpp, line 231]
Event: 2.655 Thread 0x000001fb2ca72800 Exception <a 'java/lang/ClassNotFoundException'{0x0000000088972b08}: org/springframework/beans/factory/AwareCustomizer> (0x0000000088972b08) thrown at [./src/hotspot/share/classfile/systemDictionary.cpp, line 231]
Event: 2.655 Thread 0x000001fb2ca72800 Exception <a 'java/lang/ClassNotFoundException'{0x0000000088981080}: org/springframework/aop/framework/AopInfrastructureBeanCustomizer> (0x0000000088981080) thrown at [./src/hotspot/share/classfile/systemDictionary.cpp, line 231]
Event: 2.695 Thread 0x000001fb2ca72800 Exception <a 'java/lang/ClassNotFoundException'{0x000000008874dd10}: java/lang/ObjectCustomizer> (0x000000008874dd10) thrown at [./src/hotspot/share/classfile/systemDictionary.cpp, line 231]
Event: 2.696 Thread 0x000001fb2ca72800 Exception <a 'java/lang/ClassNotFoundException'{0x0000000088762b68}: org/springframework/transaction/annotation/AbstractTransactionManagementConfigurationCustomizer> (0x0000000088762b68) thrown at [./src/hotspot/share/classfile/systemDictionary.cpp, line 231]
Event: 2.696 Thread 0x000001fb2ca72800 Exception <a 'java/lang/ClassNotFoundException'{0x00000000887767f0}: org/springframework/transaction/annotation/ProxyTransactionManagementConfigurationCustomizer> (0x00000000887767f0) thrown at [./src/hotspot/share/classfile/systemDictionary.cpp, line 231]
Event: 2.697 Thread 0x000001fb2ca72800 Exception <a 'java/lang/ClassNotFoundException'{0x00000000887887a8}: org/springframework/context/annotation/ImportAwareCustomizer> (0x00000000887887a8) thrown at [./src/hotspot/share/classfile/systemDictionary.cpp, line 231]
Event: 2.697 Thread 0x000001fb2ca72800 Exception <a 'java/lang/ClassNotFoundException'{0x0000000088796090}: org/springframework/beans/factory/AwareCustomizer> (0x0000000088796090) thrown at [./src/hotspot/share/classfile/systemDictionary.cpp, line 231]
Event: 2.781 Thread 0x000001fb2ca72800 Exception <a 'java/lang/NoSuchMethodError'{0x00000000882002d0}: 'int java.lang.invoke.DirectMethodHandle$Holder.invokeSpecial(java.lang.Object, java.lang.Object, java.lang.Object, java.lang.Object, java.lang.Object)'> (0x00000000882002d0) thrown at [./src/hotspot/share/interpreter/linkResolver.cpp, line 773]
Event: 2.824 Thread 0x000001fb2ca72800 Implicit null exception at 0x000001fb3cd89fcf to 0x000001fb3cd8a418
Event: 2.827 Thread 0x000001fb2ca72800 Exception <a 'java/lang/NoSuchMethodError'{0x00000000880441d8}: 'void java.lang.invoke.DelegatingMethodHandle$Holder.delegate(java.lang.Object, java.lang.Object, int, java.lang.Object)'> (0x00000000880441d8) thrown at [./src/hotspot/share/interpreter/linkResolver.cpp, line 773]
Event: 2.851 Thread 0x000001fb2ca72800 Exception <a 'java/lang/NoSuchMethodError'{0x0000000087f49980}: 'void java.lang.invoke.DirectMethodHandle$Holder.invokeInterface(java.lang.Object, java.lang.Object, int)'> (0x0000000087f49980) thrown at [./src/hotspot/share/interpreter/linkResolver.cpp, line 773]
Event: 2.857 Thread 0x000001fb2ca72800 Exception <a 'java/lang/IncompatibleClassChangeError'{0x0000000087f95088}: Found class java.lang.Object, but interface was expected> (0x0000000087f95088) thrown at [./src/hotspot/share/interpreter/linkResolver.cpp, line 839]
Event: 2.857 Thread 0x000001fb2ca72800 Exception <a 'java/lang/NoSuchMethodError'{0x0000000087f99f30}: 'void java.lang.invoke.DirectMethodHandle$Holder.invokeStatic(java.lang.Object, int, java.lang.Object)'> (0x0000000087f99f30) thrown at [./src/hotspot/share/interpreter/linkResolver.cpp, line 773]
Event: 2.950 Thread 0x000001fb2ca72800 Exception <a 'java/lang/NoSuchMethodError'{0x0000000087a53d88}: 'java.lang.Object java.lang.invoke.DirectMethodHandle$Holder.invokeStaticInit(java.lang.Object, int, int, int, int)'> (0x0000000087a53d88) thrown at [./src/hotspot/share/interpreter/linkResolver.cpp, line 773]

Events (20 events):
Event: 2.954 loading class sun/security/provider/SHA
Event: 2.954 loading class sun/security/provider/DigestBase
Event: 2.954 loading class sun/security/provider/DigestBase done
Event: 2.954 loading class sun/security/provider/SHA done
Event: 2.954 loading class sun/security/jca/GetInstance$Instance
Event: 2.954 loading class sun/security/jca/GetInstance$Instance done
Event: 2.954 loading class java/security/MessageDigest$Delegate
Event: 2.954 loading class sun/security/util/MessageDigestSpi2
Event: 2.954 loading class sun/security/util/MessageDigestSpi2 done
Event: 2.954 loading class java/security/MessageDigest$Delegate done
Event: 2.954 loading class sun/security/provider/SeedGenerator$1
Event: 2.954 loading class sun/security/provider/SeedGenerator$1 done
Event: 2.955 loading class sun/security/provider/ByteArrayAccess
Event: 2.955 loading class sun/security/provider/ByteArrayAccess done
Event: 2.956 loading class java/net/NetworkInterface$1
Event: 2.957 loading class java/net/NetworkInterface$1 done
Event: 2.957 loading class java/net/InterfaceAddress
Event: 2.957 loading class java/net/InterfaceAddress done
Event: 2.957 loading class java/net/DefaultInterface
Event: 2.957 loading class java/net/DefaultInterface done


Dynamic libraries:
0x00007ff618950000 - 0x00007ff61895d000 	C:\Program Files\Amazon Corretto\jdk11.0.13_8\bin\java.exe
0x00007ffff91d0000 - 0x00007ffff93c5000 	C:\WINDOWS\SYSTEM32\ntdll.dll
0x00007ffff84e0000 - 0x00007ffff859e000 	C:\WINDOWS\System32\KERNEL32.DLL
0x00007ffff6af0000 - 0x00007ffff6db8000 	C:\WINDOWS\System32\KERNELBASE.dll
0x00007ffff6eb0000 - 0x00007ffff6fb0000 	C:\WINDOWS\System32\ucrtbase.dll
0x00007fffe30f0000 - 0x00007fffe3107000 	C:\Program Files\Amazon Corretto\jdk11.0.13_8\bin\jli.dll
0x00007fffd4130000 - 0x00007fffd4149000 	C:\Program Files\Amazon Corretto\jdk11.0.13_8\bin\VCRUNTIME140.dll
0x00007ffff8750000 - 0x00007ffff88f1000 	C:\WINDOWS\System32\USER32.dll
0x00007ffff6dc0000 - 0x00007ffff6de2000 	C:\WINDOWS\System32\win32u.dll
0x00007fffe4190000 - 0x00007fffe442a000 	C:\WINDOWS\WinSxS\amd64_microsoft.windows.common-controls_6595b64144ccf1df_6.0.19041.1110_none_60b5254171f9507e\COMCTL32.dll
0x00007ffff8720000 - 0x00007ffff874b000 	C:\WINDOWS\System32\GDI32.dll
0x00007ffff90f0000 - 0x00007ffff918e000 	C:\WINDOWS\System32\msvcrt.dll
0x00007ffff7060000 - 0x00007ffff716b000 	C:\WINDOWS\System32\gdi32full.dll
0x00007ffff68f0000 - 0x00007ffff698d000 	C:\WINDOWS\System32\msvcp_win.dll
0x00007ffff7900000 - 0x00007ffff7930000 	C:\WINDOWS\System32\IMM32.DLL
0x00007fffc15e0000 - 0x00007fffc167b000 	C:\Program Files\Amazon Corretto\jdk11.0.13_8\bin\msvcp140.dll
0x00007fffa4940000 - 0x00007fffa54bf000 	C:\Program Files\Amazon Corretto\jdk11.0.13_8\bin\server\jvm.dll
0x00007ffff8430000 - 0x00007ffff84dc000 	C:\WINDOWS\System32\ADVAPI32.dll
0x00007ffff7860000 - 0x00007ffff78fb000 	C:\WINDOWS\System32\sechost.dll
0x00007ffff7520000 - 0x00007ffff764a000 	C:\WINDOWS\System32\RPCRT4.dll
0x00007ffff7650000 - 0x00007ffff7658000 	C:\WINDOWS\System32\PSAPI.DLL
0x00007fffe4600000 - 0x00007fffe4627000 	C:\WINDOWS\SYSTEM32\WINMM.dll
0x00007ffff0cf0000 - 0x00007ffff0cfa000 	C:\WINDOWS\SYSTEM32\VERSION.dll
0x00007ffff4050000 - 0x00007ffff4059000 	C:\WINDOWS\SYSTEM32\WSOCK32.dll
0x00007ffff7660000 - 0x00007ffff76cb000 	C:\WINDOWS\System32\WS2_32.dll
0x00007ffff47f0000 - 0x00007ffff4802000 	C:\WINDOWS\SYSTEM32\kernel.appcore.dll
0x00007fffee240000 - 0x00007fffee250000 	C:\Program Files\Amazon Corretto\jdk11.0.13_8\bin\verify.dll
0x00007fffdca70000 - 0x00007fffdcc54000 	C:\WINDOWS\SYSTEM32\DBGHELP.DLL
0x00007ffff1d20000 - 0x00007ffff1d4c000 	C:\WINDOWS\SYSTEM32\dbgcore.DLL
0x00007ffff6e20000 - 0x00007ffff6ea3000 	C:\WINDOWS\System32\bcryptPrimitives.dll
0x00007fffd4100000 - 0x00007fffd4128000 	C:\Program Files\Amazon Corretto\jdk11.0.13_8\bin\java.dll
0x00007fffec5a0000 - 0x00007fffec5aa000 	C:\Program Files\Amazon Corretto\jdk11.0.13_8\bin\jimage.dll
0x00007fffec540000 - 0x00007fffec54e000 	C:\Program Files\Amazon Corretto\jdk11.0.13_8\bin\instrument.dll
0x00007fffd4090000 - 0x00007fffd40a7000 	C:\Program Files\Amazon Corretto\jdk11.0.13_8\bin\zip.dll
0x00007ffff8900000 - 0x00007ffff903f000 	C:\WINDOWS\System32\SHELL32.dll
0x00007ffff49f0000 - 0x00007ffff5180000 	C:\WINDOWS\SYSTEM32\windows.storage.dll
0x00007ffff79b0000 - 0x00007ffff7d05000 	C:\WINDOWS\System32\combase.dll
0x00007ffff6340000 - 0x00007ffff636e000 	C:\WINDOWS\SYSTEM32\Wldp.dll
0x00007ffff9040000 - 0x00007ffff90ed000 	C:\WINDOWS\System32\SHCORE.dll
0x00007ffff85a0000 - 0x00007ffff85f5000 	C:\WINDOWS\System32\shlwapi.dll
0x00007ffff6830000 - 0x00007ffff684f000 	C:\WINDOWS\SYSTEM32\profapi.dll
0x00007fffd4070000 - 0x00007fffd4089000 	C:\Program Files\Amazon Corretto\jdk11.0.13_8\bin\net.dll
0x00007ffff15a0000 - 0x00007ffff16ac000 	C:\WINDOWS\SYSTEM32\WINHTTP.dll
0x00007ffff60a0000 - 0x00007ffff610a000 	C:\WINDOWS\system32\mswsock.dll
0x00007fffd4050000 - 0x00007fffd4062000 	C:\Program Files\Amazon Corretto\jdk11.0.13_8\bin\nio.dll
0x00007fffd3fd0000 - 0x00007fffd3fea000 	C:\Program Files\JetBrains\IntelliJ IDEA Community Edition 2021.2.3\bin\breakgen64.dll
0x00007fffeaae0000 - 0x00007fffeaae9000 	C:\Program Files\Amazon Corretto\jdk11.0.13_8\bin\management.dll
0x00007fffe89a0000 - 0x00007fffe89ab000 	C:\Program Files\Amazon Corretto\jdk11.0.13_8\bin\management_ext.dll
0x00007fffd3830000 - 0x00007fffd3847000 	C:\WINDOWS\system32\napinsp.dll
0x00007fffd3810000 - 0x00007fffd382b000 	C:\WINDOWS\system32\pnrpnsp.dll
0x00007fffd2fe0000 - 0x00007fffd2ff5000 	C:\WINDOWS\system32\wshbth.dll
0x00007ffff3eb0000 - 0x00007ffff3ecd000 	C:\WINDOWS\system32\NLAapi.dll
0x00007ffff5d20000 - 0x00007ffff5d5b000 	C:\WINDOWS\SYSTEM32\IPHLPAPI.DLL
0x00007ffff5d90000 - 0x00007ffff5e5b000 	C:\WINDOWS\SYSTEM32\DNSAPI.dll
0x00007ffff7510000 - 0x00007ffff7518000 	C:\WINDOWS\System32\NSI.dll
0x00007fffd2fc0000 - 0x00007fffd2fd2000 	C:\WINDOWS\System32\winrnr.dll
0x00007fffeb590000 - 0x00007fffeb59a000 	C:\Windows\System32\rasadhlp.dll
0x00007fffeb4b0000 - 0x00007fffeb52f000 	C:\WINDOWS\System32\fwpuclnt.dll
0x00007ffff6df0000 - 0x00007ffff6e17000 	C:\WINDOWS\System32\bcrypt.dll
0x00007ffff6290000 - 0x00007ffff62a8000 	C:\WINDOWS\SYSTEM32\CRYPTSP.dll
0x00007ffff59b0000 - 0x00007ffff59e4000 	C:\WINDOWS\system32\rsaenh.dll
0x00007ffff67b0000 - 0x00007ffff67de000 	C:\WINDOWS\SYSTEM32\USERENV.dll
0x00007ffff62b0000 - 0x00007ffff62bc000 	C:\WINDOWS\SYSTEM32\CRYPTBASE.dll
0x00007fffeb480000 - 0x00007fffeb497000 	C:\WINDOWS\SYSTEM32\dhcpcsvc6.DLL
0x00007fffeb600000 - 0x00007fffeb61d000 	C:\WINDOWS\SYSTEM32\dhcpcsvc.DLL

dbghelp: loaded successfully - version: 4.0.5 - missing functions: none
symbol engine: initialized successfully - sym options: 0x614 - pdb path: .;C:\Program Files\Amazon Corretto\jdk11.0.13_8\bin;C:\WINDOWS\SYSTEM32;C:\WINDOWS\WinSxS\amd64_microsoft.windows.common-controls_6595b64144ccf1df_6.0.19041.1110_none_60b5254171f9507e;C:\Program Files\Amazon Corretto\jdk11.0.13_8\bin\server;C:\Program Files\JetBrains\IntelliJ IDEA Community Edition 2021.2.3\bin

VM Arguments:
jvm_args: -javaagent:C:\Program Files\JetBrains\IntelliJ IDEA Community Edition 2021.2.3\lib\idea_rt.jar=61325:C:\Program Files\JetBrains\IntelliJ IDEA Community Edition 2021.2.3\bin -Dfile.encoding=UTF-8 
java_command: com.example.miniproject.MiniProjectApplication
java_class_path (initial): D:\Learn Java\Udemy_Java\mini-project\target\classes;C:\Users\Acer\.m2\repository\org\springframework\boot\spring-boot-starter-data-jpa\2.7.0\spring-boot-starter-data-jpa-2.7.0.jar;C:\Users\Acer\.m2\repository\org\springframework\boot\spring-boot-starter-aop\2.7.0\spring-boot-starter-aop-2.7.0.jar;C:\Users\Acer\.m2\repository\org\springframework\spring-aop\5.3.20\spring-aop-5.3.20.jar;C:\Users\Acer\.m2\repository\org\aspectj\aspectjweaver\1.9.7\aspectjweaver-1.9.7.jar;C:\Users\Acer\.m2\repository\org\springframework\boot\spring-boot-starter-jdbc\2.7.0\spring-boot-starter-jdbc-2.7.0.jar;C:\Users\Acer\.m2\repository\com\zaxxer\HikariCP\4.0.3\HikariCP-4.0.3.jar;C:\Users\Acer\.m2\repository\org\springframework\spring-jdbc\5.3.20\spring-jdbc-5.3.20.jar;C:\Users\Acer\.m2\repository\jakarta\transaction\jakarta.transaction-api\1.3.3\jakarta.transaction-api-1.3.3.jar;C:\Users\Acer\.m2\repository\jakarta\persistence\jakarta.persistence-api\2.2.3\jakarta.persistence-api-2.2.3.jar;C:\Users\Acer\.m2\repository\org\hibernate\hibernate-core\5.6.9.Final\hibernate-core-5.6.9.Final.jar;C:\Users\Acer\.m2\repository\org\jboss\logging\jboss-logging\3.4.3.Final\jboss-logging-3.4.3.Final.jar;C:\Users\Acer\.m2\repository\net\bytebuddy\byte-buddy\1.12.10\byte-buddy-1.12.10.jar;C:\Users\Acer\.m2\repository\antlr\antlr\2.7.7\antlr-2.7.7.jar;C:\Users\Acer\.m2\repository\org\jboss\jandex\2.4.2.Final\jandex-2.4.2.Final.jar;C:\Users\Acer\.m2\repository\com\fasterxml\classmate\1.5.1\classmate-1.5.1.jar;C:\Users\Acer\.m2\repository\org\hibernate\common\hibernate-commons-annotations\5.1.2.Final\hibernate-commons-annotations-5.1.2.Final.jar;C:\Users\Acer\.m2\repository\org\glassfish\jaxb\jaxb-runtime\2.3.6\jaxb-runtime-2.3.6.jar;C:\Users\Acer\.m2\repository\org\glassfish\jaxb\txw2\2.3.6\txw2-2.3.6.jar;C:\Users\Acer\.m2\repository\com\sun\istack\istack-commons-runtime\3.0.12\istack-commons-runtime-3.0.12.jar;C:\Users\Acer\.m2\repository\com\sun\activation\jakarta.activatio
Launcher Type: SUN_STANDARD

[Global flags]
     intx CICompilerCount                          = 4                                         {product} {ergonomic}
     uint ConcGCThreads                            = 2                                         {product} {ergonomic}
     uint G1ConcRefinementThreads                  = 8                                         {product} {ergonomic}
   size_t G1HeapRegionSize                         = 1048576                                   {product} {ergonomic}
    uintx GCDrainStackTargetSize                   = 64                                        {product} {ergonomic}
   size_t InitialHeapSize                          = 134217728                                 {product} {ergonomic}
   size_t MarkStackSize                            = 4194304                                   {product} {ergonomic}
   size_t MaxHeapSize                              = 2116026368                                {product} {ergonomic}
   size_t MaxNewSize                               = 1268776960                                {product} {ergonomic}
   size_t MinHeapDeltaBytes                        = 1048576                                   {product} {ergonomic}
    uintx NonNMethodCodeHeapSize                   = 5836300                                {pd product} {ergonomic}
    uintx NonProfiledCodeHeapSize                  = 122910970                              {pd product} {ergonomic}
    uintx ProfiledCodeHeapSize                     = 122910970                              {pd product} {ergonomic}
    uintx ReservedCodeCacheSize                    = 251658240                              {pd product} {ergonomic}
     bool SegmentedCodeCache                       = true                                      {product} {ergonomic}
     bool UseCompressedClassPointers               = true                                 {lp64_product} {ergonomic}
     bool UseCompressedOops                        = true                                 {lp64_product} {ergonomic}
     bool UseG1GC                                  = true                                      {product} {ergonomic}
     bool UseLargePagesIndividualAllocation        = false                                  {pd product} {ergonomic}

Logging:
Log output configuration:
 #0: stdout all=warning uptime,level,tags
 #1: stderr all=off uptime,level,tags

Environment Variables:
JAVA_HOME=C:\Program Files\Amazon Corretto\jdk11.0.13_8
PATH=C:\Program Files\Microsoft\jdk-11.0.12.7-hotspot\bin;C:\Program Files\Amazon Corretto\jdk11.0.13_8\bin;C:\Program Files (x86)\Intel\iCLS Client\;C:\Program Files\Intel\iCLS Client\;C:\Windows\system32;C:\Windows;C:\Windows\System32\Wbem;C:\Windows\System32\WindowsPowerShell\v1.0\;C:\Windows\System32\OpenSSH\;C:\Program Files (x86)\NVIDIA Corporation\PhysX\Common;C:\Program Files (x86)\Intel\Intel(R) Management Engine Components\DAL;C:\Program Files\Intel\Intel(R) Management Engine Components\DAL;C:\Program Files (x86)\Intel\Intel(R) Management Engine Components\IPT;C:\Program Files\Intel\Intel(R) Management Engine Components\IPT;C:\WINDOWS\system32;C:\WINDOWS;C:\WINDOWS\System32\Wbem;C:\WINDOWS\System32\WindowsPowerShell\v1.0\;C:\WINDOWS\System32\OpenSSH\;D:\Eclipse\eclipse\jdk\bin;C:\MinGW\bin;C:\Users\Acer\AppData\Local\Programs\Python;C:\Go\bin;C:\xampp\php;C:\ProgramData\ComposerSetup\bin;C:\Program Files (x86)\Microsoft SQL Server\150\DTS\Binn\;C:\Program Files\SourceGear\Common\DiffMerge\;C:\Program Files\Microsoft SQL Server\Client SDK\ODBC\170\Tools\Binn\;C:\Program Files (x86)\Microsoft SQL Server\150\Tools\Binn\;C:\Program Files\Microsoft SQL Server\150\Tools\Binn\;C:\Program Files\Microsoft SQL Server\150\DTS\Binn\;C:\Program Files\Azure Data Studio\bin;C:\Program Files\dotnet\;C:\Program Files\Git\cmd;C:\Program Files\MySQL\MySQL Shell 8.0\bin\;C:\Users\Acer\go\bin;C:\Users\Acer\AppData\Roaming\Composer\vendor\bin;C:\Users\Acer\AppData\Local\Programs\Microsoft VS Code\bin;C:\Users\Acer\AppData\Local\Microsoft\WindowsApps;;C:\Program Files\Azure Data Studio\bin;C:\Users\Acer\.dotnet\tools
USERNAME=Acer
OS=Windows_NT
PROCESSOR_IDENTIFIER=Intel64 Family 6 Model 142 Stepping 10, GenuineIntel



---------------  S Y S T E M  ---------------

OS: Windows 10 , 64 bit Build 19041 (10.0.19041.1320)
OS uptime: 6 days 4:57 hours

CPU:total 8 (initial active 8) (4 cores per cpu, 2 threads per core) family 6 model 142 stepping 10 microcode 0xb4, cmov, cx8, fxsr, mmx, sse, sse2, sse3, ssse3, sse4.1, sse4.2, popcnt, avx, avx2, aes, clmul, erms, 3dnowpref, lzcnt, ht, tsc, tscinvbit, bmi1, bmi2, adx, fma

Memory: 4k page, system-wide physical 8069M (985M free)
TotalPageFile size 32645M (AvailPageFile size 7M)
current process WorkingSet (physical memory assigned to process): 193M, peak: 196M
current process commit charge ("private bytes"): 293M, peak: 299M

vm_info: OpenJDK 64-Bit Server VM (11.0.13+8-LTS) for windows-amd64 JRE (11.0.13+8-LTS), built on Oct 13 2021 21:32:06 by "Administrator" with unknown MS VC++:1916

END.
